[   53815ms] [LOG] lineMarker A defLine.from= 9 line.from= 0 states= 0 @ http://localhost:5175/src/editor.ts?t=1775045010035:184
[   53815ms] [LOG] lineMarker B defLine.from= 9 line.from= 0 states= 0 @ http://localhost:5175/src/editor.ts?t=1775045010035:184
[   53815ms] [LOG] lineMarker C defLine.from= 47 line.from= 0 states= 0 @ http://localhost:5175/src/editor.ts?t=1775045010035:184
[   53815ms] [LOG] lineMarker D defLine.from= 72 line.from= 0 states= 0 @ http://localhost:5175/src/editor.ts?t=1775045010035:184
[   53815ms] [LOG] lineMarker E defLine.from= 104 line.from= 0 states= 0 @ http://localhost:5175/src/editor.ts?t=1775045010035:184
[   53815ms] [LOG] lineMarker A defLine.from= 9 line.from= 9 states= 0 @ http://localhost:5175/src/editor.ts?t=1775045010035:184
[   53815ms] [LOG] lineMarker B defLine.from= 9 line.from= 9 states= 0 @ http://localhost:5175/src/editor.ts?t=1775045010035:184
[   53815ms] [LOG] lineMarker C defLine.from= 47 line.from= 9 states= 0 @ http://localhost:5175/src/editor.ts?t=1775045010035:184
[   53815ms] [LOG] lineMarker D defLine.from= 72 line.from= 9 states= 0 @ http://localhost:5175/src/editor.ts?t=1775045010035:184
[   53815ms] [LOG] lineMarker E defLine.from= 104 line.from= 9 states= 0 @ http://localhost:5175/src/editor.ts?t=1775045010035:184
[   53815ms] [LOG] lineMarker A defLine.from= 9 line.from= 47 states= 0 @ http://localhost:5175/src/editor.ts?t=1775045010035:184
[   53815ms] [LOG] lineMarker B defLine.from= 9 line.from= 47 states= 0 @ http://localhost:5175/src/editor.ts?t=1775045010035:184
[   53815ms] [LOG] lineMarker C defLine.from= 47 line.from= 47 states= 0 @ http://localhost:5175/src/editor.ts?t=1775045010035:184
[   53815ms] [LOG] lineMarker D defLine.from= 72 line.from= 47 states= 0 @ http://localhost:5175/src/editor.ts?t=1775045010035:184
[   53815ms] [LOG] lineMarker E defLine.from= 104 line.from= 47 states= 0 @ http://localhost:5175/src/editor.ts?t=1775045010035:184
[   53815ms] [LOG] lineMarker A defLine.from= 9 line.from= 72 states= 0 @ http://localhost:5175/src/editor.ts?t=1775045010035:184
[   53815ms] [LOG] lineMarker B defLine.from= 9 line.from= 72 states= 0 @ http://localhost:5175/src/editor.ts?t=1775045010035:184
[   53816ms] [LOG] lineMarker C defLine.from= 47 line.from= 72 states= 0 @ http://localhost:5175/src/editor.ts?t=1775045010035:184
[   53816ms] [LOG] lineMarker D defLine.from= 72 line.from= 72 states= 0 @ http://localhost:5175/src/editor.ts?t=1775045010035:184
[   53816ms] [LOG] lineMarker E defLine.from= 104 line.from= 72 states= 0 @ http://localhost:5175/src/editor.ts?t=1775045010035:184
[   53816ms] [LOG] lineMarker A defLine.from= 9 line.from= 104 states= 0 @ http://localhost:5175/src/editor.ts?t=1775045010035:184
[   53816ms] [LOG] lineMarker B defLine.from= 9 line.from= 104 states= 0 @ http://localhost:5175/src/editor.ts?t=1775045010035:184
[   53816ms] [LOG] lineMarker C defLine.from= 47 line.from= 104 states= 0 @ http://localhost:5175/src/editor.ts?t=1775045010035:184
[   53816ms] [LOG] lineMarker D defLine.from= 72 line.from= 104 states= 0 @ http://localhost:5175/src/editor.ts?t=1775045010035:184
[   53816ms] [LOG] lineMarker E defLine.from= 104 line.from= 104 states= 0 @ http://localhost:5175/src/editor.ts?t=1775045010035:184
[   53816ms] [LOG] lineMarker A defLine.from= 9 line.from= 131 states= 0 @ http://localhost:5175/src/editor.ts?t=1775045010035:184
[   53816ms] [LOG] lineMarker B defLine.from= 9 line.from= 131 states= 0 @ http://localhost:5175/src/editor.ts?t=1775045010035:184
[   53816ms] [LOG] lineMarker C defLine.from= 47 line.from= 131 states= 0 @ http://localhost:5175/src/editor.ts?t=1775045010035:184
[   53816ms] [LOG] lineMarker D defLine.from= 72 line.from= 131 states= 0 @ http://localhost:5175/src/editor.ts?t=1775045010035:184
[   53816ms] [LOG] lineMarker E defLine.from= 104 line.from= 131 states= 0 @ http://localhost:5175/src/editor.ts?t=1775045010035:184
[   53816ms] [LOG] lineMarker A defLine.from= 9 line.from= 132 states= 0 @ http://localhost:5175/src/editor.ts?t=1775045010035:184
[   53816ms] [LOG] lineMarker B defLine.from= 9 line.from= 132 states= 0 @ http://localhost:5175/src/editor.ts?t=1775045010035:184
[   53816ms] [LOG] lineMarker C defLine.from= 47 line.from= 132 states= 0 @ http://localhost:5175/src/editor.ts?t=1775045010035:184
[   53816ms] [LOG] lineMarker D defLine.from= 72 line.from= 132 states= 0 @ http://localhost:5175/src/editor.ts?t=1775045010035:184
[   53816ms] [LOG] lineMarker E defLine.from= 104 line.from= 132 states= 0 @ http://localhost:5175/src/editor.ts?t=1775045010035:184
[   53816ms] [LOG] lineMarker A defLine.from= 9 line.from= 156 states= 0 @ http://localhost:5175/src/editor.ts?t=1775045010035:184
[   53816ms] [LOG] lineMarker B defLine.from= 9 line.from= 156 states= 0 @ http://localhost:5175/src/editor.ts?t=1775045010035:184
[   53816ms] [LOG] lineMarker C defLine.from= 47 line.from= 156 states= 0 @ http://localhost:5175/src/editor.ts?t=1775045010035:184
[   53816ms] [LOG] lineMarker D defLine.from= 72 line.from= 156 states= 0 @ http://localhost:5175/src/editor.ts?t=1775045010035:184
[   53816ms] [LOG] lineMarker E defLine.from= 104 line.from= 156 states= 0 @ http://localhost:5175/src/editor.ts?t=1775045010035:184
[   53816ms] [LOG] lineMarker A defLine.from= 9 line.from= 222 states= 0 @ http://localhost:5175/src/editor.ts?t=1775045010035:184
[   53816ms] [LOG] lineMarker B defLine.from= 9 line.from= 222 states= 0 @ http://localhost:5175/src/editor.ts?t=1775045010035:184
[   53816ms] [LOG] lineMarker C defLine.from= 47 line.from= 222 states= 0 @ http://localhost:5175/src/editor.ts?t=1775045010035:184
[   53816ms] [LOG] lineMarker D defLine.from= 72 line.from= 222 states= 0 @ http://localhost:5175/src/editor.ts?t=1775045010035:184
[   53816ms] [LOG] lineMarker E defLine.from= 104 line.from= 222 states= 0 @ http://localhost:5175/src/editor.ts?t=1775045010035:184
[   53816ms] [LOG] lineMarker A defLine.from= 9 line.from= 253 states= 0 @ http://localhost:5175/src/editor.ts?t=1775045010035:184
[   53816ms] [LOG] lineMarker B defLine.from= 9 line.from= 253 states= 0 @ http://localhost:5175/src/editor.ts?t=1775045010035:184
[   53816ms] [LOG] lineMarker C defLine.from= 47 line.from= 253 states= 0 @ http://localhost:5175/src/editor.ts?t=1775045010035:184
[   53816ms] [LOG] lineMarker D defLine.from= 72 line.from= 253 states= 0 @ http://localhost:5175/src/editor.ts?t=1775045010035:184
[   53816ms] [LOG] lineMarker E defLine.from= 104 line.from= 253 states= 0 @ http://localhost:5175/src/editor.ts?t=1775045010035:184
[   53816ms] [LOG] lineMarker A defLine.from= 9 line.from= 287 states= 0 @ http://localhost:5175/src/editor.ts?t=1775045010035:184
[   53816ms] [LOG] lineMarker B defLine.from= 9 line.from= 287 states= 0 @ http://localhost:5175/src/editor.ts?t=1775045010035:184
[   53816ms] [LOG] lineMarker C defLine.from= 47 line.from= 287 states= 0 @ http://localhost:5175/src/editor.ts?t=1775045010035:184
[   53816ms] [LOG] lineMarker D defLine.from= 72 line.from= 287 states= 0 @ http://localhost:5175/src/editor.ts?t=1775045010035:184
[   53816ms] [LOG] lineMarker E defLine.from= 104 line.from= 287 states= 0 @ http://localhost:5175/src/editor.ts?t=1775045010035:184
[   53816ms] [LOG] lineMarker A defLine.from= 9 line.from= 288 states= 0 @ http://localhost:5175/src/editor.ts?t=1775045010035:184
[   53816ms] [LOG] lineMarker B defLine.from= 9 line.from= 288 states= 0 @ http://localhost:5175/src/editor.ts?t=1775045010035:184
[   53816ms] [LOG] lineMarker C defLine.from= 47 line.from= 288 states= 0 @ http://localhost:5175/src/editor.ts?t=1775045010035:184
[   53816ms] [LOG] lineMarker D defLine.from= 72 line.from= 288 states= 0 @ http://localhost:5175/src/editor.ts?t=1775045010035:184
[   53816ms] [LOG] lineMarker E defLine.from= 104 line.from= 288 states= 0 @ http://localhost:5175/src/editor.ts?t=1775045010035:184
[   53816ms] [LOG] lineMarker A defLine.from= 9 line.from= 312 states= 0 @ http://localhost:5175/src/editor.ts?t=1775045010035:184
[   53816ms] [LOG] lineMarker B defLine.from= 9 line.from= 312 states= 0 @ http://localhost:5175/src/editor.ts?t=1775045010035:184
[   53816ms] [LOG] lineMarker C defLine.from= 47 line.from= 312 states= 0 @ http://localhost:5175/src/editor.ts?t=1775045010035:184
[   53817ms] [LOG] lineMarker D defLine.from= 72 line.from= 312 states= 0 @ http://localhost:5175/src/editor.ts?t=1775045010035:184
[   53817ms] [LOG] lineMarker E defLine.from= 104 line.from= 312 states= 0 @ http://localhost:5175/src/editor.ts?t=1775045010035:184
[   53817ms] [LOG] lineMarker A defLine.from= 9 line.from= 381 states= 0 @ http://localhost:5175/src/editor.ts?t=1775045010035:184
[   53817ms] [LOG] lineMarker B defLine.from= 9 line.from= 381 states= 0 @ http://localhost:5175/src/editor.ts?t=1775045010035:184
[   53817ms] [LOG] lineMarker C defLine.from= 47 line.from= 381 states= 0 @ http://localhost:5175/src/editor.ts?t=1775045010035:184
[   53817ms] [LOG] lineMarker D defLine.from= 72 line.from= 381 states= 0 @ http://localhost:5175/src/editor.ts?t=1775045010035:184
[   53817ms] [LOG] lineMarker E defLine.from= 104 line.from= 381 states= 0 @ http://localhost:5175/src/editor.ts?t=1775045010035:184
[   53817ms] [LOG] lineMarker A defLine.from= 9 line.from= 411 states= 0 @ http://localhost:5175/src/editor.ts?t=1775045010035:184
[   53817ms] [LOG] lineMarker B defLine.from= 9 line.from= 411 states= 0 @ http://localhost:5175/src/editor.ts?t=1775045010035:184
[   53817ms] [LOG] lineMarker C defLine.from= 47 line.from= 411 states= 0 @ http://localhost:5175/src/editor.ts?t=1775045010035:184
[   53817ms] [LOG] lineMarker D defLine.from= 72 line.from= 411 states= 0 @ http://localhost:5175/src/editor.ts?t=1775045010035:184
[   53817ms] [LOG] lineMarker E defLine.from= 104 line.from= 411 states= 0 @ http://localhost:5175/src/editor.ts?t=1775045010035:184
[   53817ms] [LOG] lineMarker A defLine.from= 9 line.from= 444 states= 0 @ http://localhost:5175/src/editor.ts?t=1775045010035:184
[   53817ms] [LOG] lineMarker B defLine.from= 9 line.from= 444 states= 0 @ http://localhost:5175/src/editor.ts?t=1775045010035:184
[   53817ms] [LOG] lineMarker C defLine.from= 47 line.from= 444 states= 0 @ http://localhost:5175/src/editor.ts?t=1775045010035:184
[   53817ms] [LOG] lineMarker D defLine.from= 72 line.from= 444 states= 0 @ http://localhost:5175/src/editor.ts?t=1775045010035:184
[   53817ms] [LOG] lineMarker E defLine.from= 104 line.from= 444 states= 0 @ http://localhost:5175/src/editor.ts?t=1775045010035:184
[   53817ms] [LOG] lineMarker A defLine.from= 9 line.from= 445 states= 0 @ http://localhost:5175/src/editor.ts?t=1775045010035:184
[   53817ms] [LOG] lineMarker B defLine.from= 9 line.from= 445 states= 0 @ http://localhost:5175/src/editor.ts?t=1775045010035:184
[   53817ms] [LOG] lineMarker C defLine.from= 47 line.from= 445 states= 0 @ http://localhost:5175/src/editor.ts?t=1775045010035:184
[   53817ms] [LOG] lineMarker D defLine.from= 72 line.from= 445 states= 0 @ http://localhost:5175/src/editor.ts?t=1775045010035:184
[   53817ms] [LOG] lineMarker E defLine.from= 104 line.from= 445 states= 0 @ http://localhost:5175/src/editor.ts?t=1775045010035:184
[   53817ms] [LOG] lineMarker A defLine.from= 9 line.from= 471 states= 0 @ http://localhost:5175/src/editor.ts?t=1775045010035:184
[   53817ms] [LOG] lineMarker B defLine.from= 9 line.from= 471 states= 0 @ http://localhost:5175/src/editor.ts?t=1775045010035:184
[   53817ms] [LOG] lineMarker C defLine.from= 47 line.from= 471 states= 0 @ http://localhost:5175/src/editor.ts?t=1775045010035:184
[   53817ms] [LOG] lineMarker D defLine.from= 72 line.from= 471 states= 0 @ http://localhost:5175/src/editor.ts?t=1775045010035:184
[   53817ms] [LOG] lineMarker E defLine.from= 104 line.from= 471 states= 0 @ http://localhost:5175/src/editor.ts?t=1775045010035:184
[   53817ms] [LOG] lineMarker A defLine.from= 9 line.from= 517 states= 0 @ http://localhost:5175/src/editor.ts?t=1775045010035:184
[   53817ms] [LOG] lineMarker B defLine.from= 9 line.from= 517 states= 0 @ http://localhost:5175/src/editor.ts?t=1775045010035:184
[   53817ms] [LOG] lineMarker C defLine.from= 47 line.from= 517 states= 0 @ http://localhost:5175/src/editor.ts?t=1775045010035:184
[   53817ms] [LOG] lineMarker D defLine.from= 72 line.from= 517 states= 0 @ http://localhost:5175/src/editor.ts?t=1775045010035:184
[   53817ms] [LOG] lineMarker E defLine.from= 104 line.from= 517 states= 0 @ http://localhost:5175/src/editor.ts?t=1775045010035:184
[   53817ms] [LOG] lineMarker A defLine.from= 9 line.from= 518 states= 0 @ http://localhost:5175/src/editor.ts?t=1775045010035:184
[   53817ms] [LOG] lineMarker B defLine.from= 9 line.from= 518 states= 0 @ http://localhost:5175/src/editor.ts?t=1775045010035:184
[   53817ms] [LOG] lineMarker C defLine.from= 47 line.from= 518 states= 0 @ http://localhost:5175/src/editor.ts?t=1775045010035:184
[   53817ms] [LOG] lineMarker D defLine.from= 72 line.from= 518 states= 0 @ http://localhost:5175/src/editor.ts?t=1775045010035:184
[   53817ms] [LOG] lineMarker E defLine.from= 104 line.from= 518 states= 0 @ http://localhost:5175/src/editor.ts?t=1775045010035:184
[   53817ms] [LOG] lineMarker A defLine.from= 9 line.from= 542 states= 0 @ http://localhost:5175/src/editor.ts?t=1775045010035:184
[   53817ms] [LOG] lineMarker B defLine.from= 9 line.from= 542 states= 0 @ http://localhost:5175/src/editor.ts?t=1775045010035:184
[   53817ms] [LOG] lineMarker C defLine.from= 47 line.from= 542 states= 0 @ http://localhost:5175/src/editor.ts?t=1775045010035:184
[   53817ms] [LOG] lineMarker D defLine.from= 72 line.from= 542 states= 0 @ http://localhost:5175/src/editor.ts?t=1775045010035:184
[   53817ms] [LOG] lineMarker E defLine.from= 104 line.from= 542 states= 0 @ http://localhost:5175/src/editor.ts?t=1775045010035:184
[   53817ms] [LOG] lineMarker A defLine.from= 9 line.from= 627 states= 0 @ http://localhost:5175/src/editor.ts?t=1775045010035:184
[   53817ms] [LOG] lineMarker B defLine.from= 9 line.from= 627 states= 0 @ http://localhost:5175/src/editor.ts?t=1775045010035:184
[   53817ms] [LOG] lineMarker C defLine.from= 47 line.from= 627 states= 0 @ http://localhost:5175/src/editor.ts?t=1775045010035:184
[   53818ms] [LOG] lineMarker D defLine.from= 72 line.from= 627 states= 0 @ http://localhost:5175/src/editor.ts?t=1775045010035:184
[   53818ms] [LOG] lineMarker E defLine.from= 104 line.from= 627 states= 0 @ http://localhost:5175/src/editor.ts?t=1775045010035:184
[   53818ms] [LOG] lineMarker A defLine.from= 9 line.from= 659 states= 0 @ http://localhost:5175/src/editor.ts?t=1775045010035:184
[   53818ms] [LOG] lineMarker B defLine.from= 9 line.from= 659 states= 0 @ http://localhost:5175/src/editor.ts?t=1775045010035:184
[   53818ms] [LOG] lineMarker C defLine.from= 47 line.from= 659 states= 0 @ http://localhost:5175/src/editor.ts?t=1775045010035:184
[   53818ms] [LOG] lineMarker D defLine.from= 72 line.from= 659 states= 0 @ http://localhost:5175/src/editor.ts?t=1775045010035:184
[   53818ms] [LOG] lineMarker E defLine.from= 104 line.from= 659 states= 0 @ http://localhost:5175/src/editor.ts?t=1775045010035:184
[   53818ms] [LOG] lineMarker A defLine.from= 9 line.from= 695 states= 0 @ http://localhost:5175/src/editor.ts?t=1775045010035:184
[   53818ms] [LOG] lineMarker B defLine.from= 9 line.from= 695 states= 0 @ http://localhost:5175/src/editor.ts?t=1775045010035:184
[   53818ms] [LOG] lineMarker C defLine.from= 47 line.from= 695 states= 0 @ http://localhost:5175/src/editor.ts?t=1775045010035:184
[   53818ms] [LOG] lineMarker D defLine.from= 72 line.from= 695 states= 0 @ http://localhost:5175/src/editor.ts?t=1775045010035:184
[   53818ms] [LOG] lineMarker E defLine.from= 104 line.from= 695 states= 0 @ http://localhost:5175/src/editor.ts?t=1775045010035:184
[   53818ms] [LOG] lineMarker A defLine.from= 9 line.from= 696 states= 0 @ http://localhost:5175/src/editor.ts?t=1775045010035:184
[   53818ms] [LOG] lineMarker B defLine.from= 9 line.from= 696 states= 0 @ http://localhost:5175/src/editor.ts?t=1775045010035:184
[   53818ms] [LOG] lineMarker C defLine.from= 47 line.from= 696 states= 0 @ http://localhost:5175/src/editor.ts?t=1775045010035:184
[   53818ms] [LOG] lineMarker D defLine.from= 72 line.from= 696 states= 0 @ http://localhost:5175/src/editor.ts?t=1775045010035:184
[   53818ms] [LOG] lineMarker E defLine.from= 104 line.from= 696 states= 0 @ http://localhost:5175/src/editor.ts?t=1775045010035:184
[   53818ms] [LOG] lineMarker A defLine.from= 9 line.from= 719 states= 0 @ http://localhost:5175/src/editor.ts?t=1775045010035:184
[   53818ms] [LOG] lineMarker B defLine.from= 9 line.from= 719 states= 0 @ http://localhost:5175/src/editor.ts?t=1775045010035:184
[   53818ms] [LOG] lineMarker C defLine.from= 47 line.from= 719 states= 0 @ http://localhost:5175/src/editor.ts?t=1775045010035:184
[   53818ms] [LOG] lineMarker D defLine.from= 72 line.from= 719 states= 0 @ http://localhost:5175/src/editor.ts?t=1775045010035:184
[   53818ms] [LOG] lineMarker E defLine.from= 104 line.from= 719 states= 0 @ http://localhost:5175/src/editor.ts?t=1775045010035:184
[   53818ms] [LOG] lineMarker A defLine.from= 9 line.from= 767 states= 0 @ http://localhost:5175/src/editor.ts?t=1775045010035:184
[   53818ms] [LOG] lineMarker B defLine.from= 9 line.from= 767 states= 0 @ http://localhost:5175/src/editor.ts?t=1775045010035:184
[   53818ms] [LOG] lineMarker C defLine.from= 47 line.from= 767 states= 0 @ http://localhost:5175/src/editor.ts?t=1775045010035:184
[   53818ms] [LOG] lineMarker D defLine.from= 72 line.from= 767 states= 0 @ http://localhost:5175/src/editor.ts?t=1775045010035:184
[   53818ms] [LOG] lineMarker E defLine.from= 104 line.from= 767 states= 0 @ http://localhost:5175/src/editor.ts?t=1775045010035:184
