[   34586ms] [ERROR] WebSocket connection to 'ws://localhost:5199/?token=IkFmtGJbxtoA' failed:  @ http://localhost:5199/@vite/client:801
[   34586ms] [LOG] [vite] server connection lost. Polling for restart... @ http://localhost:5199/@vite/client:963
[   34620ms] [ERROR] WebSocket connection to 'ws://localhost:5199/' failed: Error in connection establishment: net::ERR_CONNECTION_REFUSED @ http://localhost:5199/@vite/client:1034
[   35623ms] [ERROR] WebSocket connection to 'ws://localhost:5199/' failed: Error in connection establishment: net::ERR_CONNECTION_REFUSED @ http://localhost:5199/@vite/client:1034
[   36624ms] [ERROR] WebSocket connection to 'ws://localhost:5199/' failed: Error in connection establishment: net::ERR_CONNECTION_REFUSED @ http://localhost:5199/@vite/client:1034
[   37626ms] [ERROR] WebSocket connection to 'ws://localhost:5199/' failed: Error in connection establishment: net::ERR_CONNECTION_REFUSED @ http://localhost:5199/@vite/client:1034
[   38629ms] [ERROR] WebSocket connection to 'ws://localhost:5199/' failed: Error in connection establishment: net::ERR_CONNECTION_REFUSED @ http://localhost:5199/@vite/client:1034
[   39633ms] [ERROR] WebSocket connection to 'ws://localhost:5199/' failed: Error in connection establishment: net::ERR_CONNECTION_REFUSED @ http://localhost:5199/@vite/client:1034
[   40642ms] [ERROR] WebSocket connection to 'ws://localhost:5199/' failed: Error in connection establishment: net::ERR_CONNECTION_REFUSED @ http://localhost:5199/@vite/client:1034
[   41653ms] [ERROR] WebSocket connection to 'ws://localhost:5199/' failed: Error in connection establishment: net::ERR_CONNECTION_REFUSED @ http://localhost:5199/@vite/client:1034
[   42669ms] [ERROR] WebSocket connection to 'ws://localhost:5199/' failed: Error in connection establishment: net::ERR_CONNECTION_REFUSED @ http://localhost:5199/@vite/client:1034
[   43708ms] [ERROR] WebSocket connection to 'ws://localhost:5199/' failed: Error in connection establishment: net::ERR_CONNECTION_REFUSED @ http://localhost:5199/@vite/client:1034
[   44752ms] [ERROR] WebSocket connection to 'ws://localhost:5199/' failed: Error in connection establishment: net::ERR_CONNECTION_REFUSED @ http://localhost:5199/@vite/client:1034
[   45895ms] [ERROR] WebSocket connection to 'ws://localhost:5199/' failed: Error in connection establishment: net::ERR_CONNECTION_REFUSED @ http://localhost:5199/@vite/client:1034
[   47152ms] [ERROR] WebSocket connection to 'ws://localhost:5199/' failed: Error in connection establishment: net::ERR_CONNECTION_REFUSED @ http://localhost:5199/@vite/client:1034
[   49224ms] [ERROR] WebSocket connection to 'ws://localhost:5199/' failed: Error in connection establishment: net::ERR_CONNECTION_REFUSED @ http://localhost:5199/@vite/client:1034
[   52200ms] [ERROR] WebSocket connection to 'ws://localhost:5199/' failed: Error in connection establishment: net::ERR_CONNECTION_REFUSED @ http://localhost:5199/@vite/client:1034
[   56299ms] [ERROR] WebSocket connection to 'ws://localhost:5199/' failed: Error in connection establishment: net::ERR_CONNECTION_REFUSED @ http://localhost:5199/@vite/client:1034
[   62073ms] [ERROR] WebSocket connection to 'ws://localhost:5199/' failed: Error in connection establishment: net::ERR_CONNECTION_REFUSED @ http://localhost:5199/@vite/client:1034
[   64311ms] [ERROR] WebSocket connection to 'ws://localhost:5199/' failed: Error in connection establishment: net::ERR_CONNECTION_REFUSED @ http://localhost:5199/@vite/client:1034
[   68438ms] [ERROR] WebSocket connection to 'ws://localhost:5199/' failed: Error in connection establishment: net::ERR_CONNECTION_REFUSED @ http://localhost:5199/@vite/client:1034
[   73249ms] [ERROR] WebSocket connection to 'ws://localhost:5199/' failed: Error in connection establishment: net::ERR_CONNECTION_REFUSED @ http://localhost:5199/@vite/client:1034
[   75389ms] [ERROR] Failed to load resource: net::ERR_CONNECTION_REFUSED @ http://localhost:5199/api/run:0
[   75389ms] [ERROR] psflow-debugger: TypeError: Failed to fetch
    at runGraph (http://localhost:5199/src/main.ts:75:24)
    at HTMLButtonElement.<anonymous> (http://localhost:5199/src/main.ts:167:70) @ http://localhost:5199/src/main.ts:138
[   78830ms] [ERROR] WebSocket connection to 'ws://localhost:5199/' failed: Error in connection establishment: net::ERR_CONNECTION_REFUSED @ http://localhost:5199/@vite/client:1034
[   82158ms] [ERROR] WebSocket connection to 'ws://localhost:5199/' failed: Error in connection establishment: net::ERR_CONNECTION_REFUSED @ http://localhost:5199/@vite/client:1034
[   82198ms] [ERROR] Failed to load resource: net::ERR_CONNECTION_REFUSED @ http://localhost:5199/api/run:0
[   82198ms] [ERROR] psflow-debugger: TypeError: Failed to fetch
    at runGraph (http://localhost:5199/src/main.ts:75:24)
    at HTMLButtonElement.<anonymous> (http://localhost:5199/src/main.ts:167:70) @ http://localhost:5199/src/main.ts:138
[   87090ms] [ERROR] WebSocket connection to 'ws://localhost:5199/' failed: Error in connection establishment: net::ERR_CONNECTION_REFUSED @ http://localhost:5199/@vite/client:1034
[   91252ms] [ERROR] WebSocket connection to 'ws://localhost:5199/' failed: Error in connection establishment: net::ERR_CONNECTION_REFUSED @ http://localhost:5199/@vite/client:1034
[   93258ms] [ERROR] WebSocket connection to 'ws://localhost:5199/' failed: Error in connection establishment: net::ERR_CONNECTION_REFUSED @ http://localhost:5199/@vite/client:1034
[   99018ms] [ERROR] WebSocket connection to 'ws://localhost:5199/' failed: Error in connection establishment: net::ERR_CONNECTION_REFUSED @ http://localhost:5199/@vite/client:1034
[  102314ms] [ERROR] WebSocket connection to 'ws://localhost:5199/' failed: Error in connection establishment: net::ERR_CONNECTION_REFUSED @ http://localhost:5199/@vite/client:1034
[  104360ms] [ERROR] WebSocket connection to 'ws://localhost:5199/' failed: Error in connection establishment: net::ERR_CONNECTION_REFUSED @ http://localhost:5199/@vite/client:1034
[  109007ms] [ERROR] WebSocket connection to 'ws://localhost:5199/' failed: Error in connection establishment: net::ERR_CONNECTION_REFUSED @ http://localhost:5199/@vite/client:1034
[  113393ms] [ERROR] WebSocket connection to 'ws://localhost:5199/' failed: Error in connection establishment: net::ERR_CONNECTION_REFUSED @ http://localhost:5199/@vite/client:1034
[  117100ms] [ERROR] WebSocket connection to 'ws://localhost:5199/' failed: Error in connection establishment: net::ERR_CONNECTION_REFUSED @ http://localhost:5199/@vite/client:1034
[  120900ms] [ERROR] WebSocket connection to 'ws://localhost:5199/' failed: Error in connection establishment: net::ERR_CONNECTION_REFUSED @ http://localhost:5199/@vite/client:1034
[  124872ms] [ERROR] WebSocket connection to 'ws://localhost:5199/' failed: Error in connection establishment: net::ERR_CONNECTION_REFUSED @ http://localhost:5199/@vite/client:1034
[  128934ms] [ERROR] WebSocket connection to 'ws://localhost:5199/' failed: Error in connection establishment: net::ERR_CONNECTION_REFUSED @ http://localhost:5199/@vite/client:1034
[  132224ms] [ERROR] WebSocket connection to 'ws://localhost:5199/' failed: Error in connection establishment: net::ERR_CONNECTION_REFUSED @ http://localhost:5199/@vite/client:1034
[  136741ms] [ERROR] WebSocket connection to 'ws://localhost:5199/' failed: Error in connection establishment: net::ERR_CONNECTION_REFUSED @ http://localhost:5199/@vite/client:1034
[  140935ms] [ERROR] WebSocket connection to 'ws://localhost:5199/' failed: Error in connection establishment: net::ERR_CONNECTION_REFUSED @ http://localhost:5199/@vite/client:1034
[  146173ms] [ERROR] WebSocket connection to 'ws://localhost:5199/' failed: Error in connection establishment: net::ERR_CONNECTION_REFUSED @ http://localhost:5199/@vite/client:1034
[  148426ms] [ERROR] WebSocket connection to 'ws://localhost:5199/' failed: Error in connection establishment: net::ERR_CONNECTION_REFUSED @ http://localhost:5199/@vite/client:1034
[  151165ms] [ERROR] WebSocket connection to 'ws://localhost:5199/' failed: Error in connection establishment: net::ERR_CONNECTION_REFUSED @ http://localhost:5199/@vite/client:1034
[  154317ms] [ERROR] WebSocket connection to 'ws://localhost:5199/' failed: Error in connection establishment: net::ERR_CONNECTION_REFUSED @ http://localhost:5199/@vite/client:1034
[  155320ms] [ERROR] WebSocket connection to 'ws://localhost:5199/' failed: Error in connection establishment: net::ERR_CONNECTION_REFUSED @ http://localhost:5199/@vite/client:1034
[  156323ms] [ERROR] WebSocket connection to 'ws://localhost:5199/' failed: Error in connection establishment: net::ERR_CONNECTION_REFUSED @ http://localhost:5199/@vite/client:1034
[  157328ms] [ERROR] WebSocket connection to 'ws://localhost:5199/' failed: Error in connection establishment: net::ERR_CONNECTION_REFUSED @ http://localhost:5199/@vite/client:1034
[  158332ms] [ERROR] WebSocket connection to 'ws://localhost:5199/' failed: Error in connection establishment: net::ERR_CONNECTION_REFUSED @ http://localhost:5199/@vite/client:1034
[  159336ms] [ERROR] WebSocket connection to 'ws://localhost:5199/' failed: Error in connection establishment: net::ERR_CONNECTION_REFUSED @ http://localhost:5199/@vite/client:1034
[  160341ms] [ERROR] WebSocket connection to 'ws://localhost:5199/' failed: Error in connection establishment: net::ERR_CONNECTION_REFUSED @ http://localhost:5199/@vite/client:1034
[  161350ms] [ERROR] WebSocket connection to 'ws://localhost:5199/' failed: Error in connection establishment: net::ERR_CONNECTION_REFUSED @ http://localhost:5199/@vite/client:1034
[  162360ms] [ERROR] WebSocket connection to 'ws://localhost:5199/' failed: Error in connection establishment: net::ERR_CONNECTION_REFUSED @ http://localhost:5199/@vite/client:1034
[  163399ms] [ERROR] WebSocket connection to 'ws://localhost:5199/' failed: Error in connection establishment: net::ERR_CONNECTION_REFUSED @ http://localhost:5199/@vite/client:1034
[  164465ms] [ERROR] WebSocket connection to 'ws://localhost:5199/' failed: Error in connection establishment: net::ERR_CONNECTION_REFUSED @ http://localhost:5199/@vite/client:1034
[  165577ms] [ERROR] WebSocket connection to 'ws://localhost:5199/' failed: Error in connection establishment: net::ERR_CONNECTION_REFUSED @ http://localhost:5199/@vite/client:1034
[  166712ms] [ERROR] WebSocket connection to 'ws://localhost:5199/' failed: Error in connection establishment: net::ERR_CONNECTION_REFUSED @ http://localhost:5199/@vite/client:1034
[  168307ms] [ERROR] WebSocket connection to 'ws://localhost:5199/' failed: Error in connection establishment: net::ERR_CONNECTION_REFUSED @ http://localhost:5199/@vite/client:1034
[  170210ms] [ERROR] WebSocket connection to 'ws://localhost:5199/' failed: Error in connection establishment: net::ERR_CONNECTION_REFUSED @ http://localhost:5199/@vite/client:1034
[  172628ms] [ERROR] WebSocket connection to 'ws://localhost:5199/' failed: Error in connection establishment: net::ERR_CONNECTION_REFUSED @ http://localhost:5199/@vite/client:1034
[  177511ms] [ERROR] WebSocket connection to 'ws://localhost:5199/' failed: Error in connection establishment: net::ERR_CONNECTION_REFUSED @ http://localhost:5199/@vite/client:1034
[  181090ms] [ERROR] WebSocket connection to 'ws://localhost:5199/' failed: Error in connection establishment: net::ERR_CONNECTION_REFUSED @ http://localhost:5199/@vite/client:1034
[  186236ms] [ERROR] WebSocket connection to 'ws://localhost:5199/' failed: Error in connection establishment: net::ERR_CONNECTION_REFUSED @ http://localhost:5199/@vite/client:1034
[  189587ms] [ERROR] WebSocket connection to 'ws://localhost:5199/' failed: Error in connection establishment: net::ERR_CONNECTION_REFUSED @ http://localhost:5199/@vite/client:1034
[  194682ms] [ERROR] WebSocket connection to 'ws://localhost:5199/' failed: Error in connection establishment: net::ERR_CONNECTION_REFUSED @ http://localhost:5199/@vite/client:1034
[  197701ms] [ERROR] WebSocket connection to 'ws://localhost:5199/' failed: Error in connection establishment: net::ERR_CONNECTION_REFUSED @ http://localhost:5199/@vite/client:1034
[  199880ms] [ERROR] WebSocket connection to 'ws://localhost:5199/' failed: Error in connection establishment: net::ERR_CONNECTION_REFUSED @ http://localhost:5199/@vite/client:1034
[  201901ms] [ERROR] WebSocket connection to 'ws://localhost:5199/' failed: Error in connection establishment: net::ERR_CONNECTION_REFUSED @ http://localhost:5199/@vite/client:1034
[  204770ms] [ERROR] WebSocket connection to 'ws://localhost:5199/' failed: Error in connection establishment: net::ERR_CONNECTION_REFUSED @ http://localhost:5199/@vite/client:1034
[  209318ms] [ERROR] WebSocket connection to 'ws://localhost:5199/' failed: Error in connection establishment: net::ERR_CONNECTION_REFUSED @ http://localhost:5199/@vite/client:1034
[  212421ms] [ERROR] WebSocket connection to 'ws://localhost:5199/' failed: Error in connection establishment: net::ERR_CONNECTION_REFUSED @ http://localhost:5199/@vite/client:1034
[  216304ms] [ERROR] WebSocket connection to 'ws://localhost:5199/' failed: Error in connection establishment: net::ERR_CONNECTION_REFUSED @ http://localhost:5199/@vite/client:1034
[  222049ms] [ERROR] WebSocket connection to 'ws://localhost:5199/' failed: Error in connection establishment: net::ERR_CONNECTION_REFUSED @ http://localhost:5199/@vite/client:1034
[  227242ms] [ERROR] WebSocket connection to 'ws://localhost:5199/' failed: Error in connection establishment: net::ERR_CONNECTION_REFUSED @ http://localhost:5199/@vite/client:1034
[  231142ms] [ERROR] WebSocket connection to 'ws://localhost:5199/' failed: Error in connection establishment: net::ERR_CONNECTION_REFUSED @ http://localhost:5199/@vite/client:1034
[  236896ms] [ERROR] WebSocket connection to 'ws://localhost:5199/' failed: Error in connection establishment: net::ERR_CONNECTION_REFUSED @ http://localhost:5199/@vite/client:1034
[  241980ms] [ERROR] WebSocket connection to 'ws://localhost:5199/' failed: Error in connection establishment: net::ERR_CONNECTION_REFUSED @ http://localhost:5199/@vite/client:1034
[  245456ms] [ERROR] WebSocket connection to 'ws://localhost:5199/' failed: Error in connection establishment: net::ERR_CONNECTION_REFUSED @ http://localhost:5199/@vite/client:1034
[  250648ms] [ERROR] WebSocket connection to 'ws://localhost:5199/' failed: Error in connection establishment: net::ERR_CONNECTION_REFUSED @ http://localhost:5199/@vite/client:1034
[  255747ms] [ERROR] WebSocket connection to 'ws://localhost:5199/' failed: Error in connection establishment: net::ERR_CONNECTION_REFUSED @ http://localhost:5199/@vite/client:1034
[  259296ms] [ERROR] WebSocket connection to 'ws://localhost:5199/' failed: Error in connection establishment: net::ERR_CONNECTION_REFUSED @ http://localhost:5199/@vite/client:1034
[  262172ms] [ERROR] WebSocket connection to 'ws://localhost:5199/' failed: Error in connection establishment: net::ERR_CONNECTION_REFUSED @ http://localhost:5199/@vite/client:1034
[  266734ms] [ERROR] WebSocket connection to 'ws://localhost:5199/' failed: Error in connection establishment: net::ERR_CONNECTION_REFUSED @ http://localhost:5199/@vite/client:1034
[  268980ms] [ERROR] WebSocket connection to 'ws://localhost:5199/' failed: Error in connection establishment: net::ERR_CONNECTION_REFUSED @ http://localhost:5199/@vite/client:1034
[  273871ms] [ERROR] WebSocket connection to 'ws://localhost:5199/' failed: Error in connection establishment: net::ERR_CONNECTION_REFUSED @ http://localhost:5199/@vite/client:1034
[  279622ms] [ERROR] WebSocket connection to 'ws://localhost:5199/' failed: Error in connection establishment: net::ERR_CONNECTION_REFUSED @ http://localhost:5199/@vite/client:1034
[  283065ms] [ERROR] WebSocket connection to 'ws://localhost:5199/' failed: Error in connection establishment: net::ERR_CONNECTION_REFUSED @ http://localhost:5199/@vite/client:1034
[  288266ms] [ERROR] WebSocket connection to 'ws://localhost:5199/' failed: Error in connection establishment: net::ERR_CONNECTION_REFUSED @ http://localhost:5199/@vite/client:1034
[  293778ms] [ERROR] WebSocket connection to 'ws://localhost:5199/' failed: Error in connection establishment: net::ERR_CONNECTION_REFUSED @ http://localhost:5199/@vite/client:1034
[  299203ms] [ERROR] WebSocket connection to 'ws://localhost:5199/' failed: Error in connection establishment: net::ERR_CONNECTION_REFUSED @ http://localhost:5199/@vite/client:1034
[  304251ms] [ERROR] WebSocket connection to 'ws://localhost:5199/' failed: Error in connection establishment: net::ERR_CONNECTION_REFUSED @ http://localhost:5199/@vite/client:1034
[  307511ms] [ERROR] WebSocket connection to 'ws://localhost:5199/' failed: Error in connection establishment: net::ERR_CONNECTION_REFUSED @ http://localhost:5199/@vite/client:1034
[  312429ms] [ERROR] WebSocket connection to 'ws://localhost:5199/' failed: Error in connection establishment: net::ERR_CONNECTION_REFUSED @ http://localhost:5199/@vite/client:1034
[  317919ms] [ERROR] WebSocket connection to 'ws://localhost:5199/' failed: Error in connection establishment: net::ERR_CONNECTION_REFUSED @ http://localhost:5199/@vite/client:1034
[  323815ms] [ERROR] WebSocket connection to 'ws://localhost:5199/' failed: Error in connection establishment: net::ERR_CONNECTION_REFUSED @ http://localhost:5199/@vite/client:1034
[  327955ms] [ERROR] WebSocket connection to 'ws://localhost:5199/' failed: Error in connection establishment: net::ERR_CONNECTION_REFUSED @ http://localhost:5199/@vite/client:1034
[  332667ms] [ERROR] WebSocket connection to 'ws://localhost:5199/' failed: Error in connection establishment: net::ERR_CONNECTION_REFUSED @ http://localhost:5199/@vite/client:1034
[  336090ms] [ERROR] WebSocket connection to 'ws://localhost:5199/' failed: Error in connection establishment: net::ERR_CONNECTION_REFUSED @ http://localhost:5199/@vite/client:1034
[  341087ms] [ERROR] WebSocket connection to 'ws://localhost:5199/' failed: Error in connection establishment: net::ERR_CONNECTION_REFUSED @ http://localhost:5199/@vite/client:1034
[  343214ms] [ERROR] WebSocket connection to 'ws://localhost:5199/' failed: Error in connection establishment: net::ERR_CONNECTION_REFUSED @ http://localhost:5199/@vite/client:1034
[  347320ms] [ERROR] WebSocket connection to 'ws://localhost:5199/' failed: Error in connection establishment: net::ERR_CONNECTION_REFUSED @ http://localhost:5199/@vite/client:1034
[  352759ms] [ERROR] WebSocket connection to 'ws://localhost:5199/' failed: Error in connection establishment: net::ERR_CONNECTION_REFUSED @ http://localhost:5199/@vite/client:1034
[  355972ms] [ERROR] WebSocket connection to 'ws://localhost:5199/' failed: Error in connection establishment: net::ERR_CONNECTION_REFUSED @ http://localhost:5199/@vite/client:1034
[  360085ms] [ERROR] WebSocket connection to 'ws://localhost:5199/' failed: Error in connection establishment: net::ERR_CONNECTION_REFUSED @ http://localhost:5199/@vite/client:1034
[  363920ms] [ERROR] WebSocket connection to 'ws://localhost:5199/' failed: Error in connection establishment: net::ERR_CONNECTION_REFUSED @ http://localhost:5199/@vite/client:1034
[  367454ms] [ERROR] WebSocket connection to 'ws://localhost:5199/' failed: Error in connection establishment: net::ERR_CONNECTION_REFUSED @ http://localhost:5199/@vite/client:1034
[  370399ms] [ERROR] WebSocket connection to 'ws://localhost:5199/' failed: Error in connection establishment: net::ERR_CONNECTION_REFUSED @ http://localhost:5199/@vite/client:1034
[  375892ms] [ERROR] WebSocket connection to 'ws://localhost:5199/' failed: Error in connection establishment: net::ERR_CONNECTION_REFUSED @ http://localhost:5199/@vite/client:1034
[  381052ms] [ERROR] WebSocket connection to 'ws://localhost:5199/' failed: Error in connection establishment: net::ERR_CONNECTION_REFUSED @ http://localhost:5199/@vite/client:1034
[  385580ms] [ERROR] WebSocket connection to 'ws://localhost:5199/' failed: Error in connection establishment: net::ERR_CONNECTION_REFUSED @ http://localhost:5199/@vite/client:1034
[  389359ms] [ERROR] WebSocket connection to 'ws://localhost:5199/' failed: Error in connection establishment: net::ERR_CONNECTION_REFUSED @ http://localhost:5199/@vite/client:1034
[  393180ms] [ERROR] WebSocket connection to 'ws://localhost:5199/' failed: Error in connection establishment: net::ERR_CONNECTION_REFUSED @ http://localhost:5199/@vite/client:1034
[  395358ms] [ERROR] WebSocket connection to 'ws://localhost:5199/' failed: Error in connection establishment: net::ERR_CONNECTION_REFUSED @ http://localhost:5199/@vite/client:1034
[  401263ms] [ERROR] WebSocket connection to 'ws://localhost:5199/' failed: Error in connection establishment: net::ERR_CONNECTION_REFUSED @ http://localhost:5199/@vite/client:1034
[  405124ms] [ERROR] WebSocket connection to 'ws://localhost:5199/' failed: Error in connection establishment: net::ERR_CONNECTION_REFUSED @ http://localhost:5199/@vite/client:1034
[  407474ms] [ERROR] WebSocket connection to 'ws://localhost:5199/' failed: Error in connection establishment: net::ERR_CONNECTION_REFUSED @ http://localhost:5199/@vite/client:1034
[  412782ms] [ERROR] WebSocket connection to 'ws://localhost:5199/' failed: Error in connection establishment: net::ERR_CONNECTION_REFUSED @ http://localhost:5199/@vite/client:1034
[  415331ms] [ERROR] WebSocket connection to 'ws://localhost:5199/' failed: Error in connection establishment: net::ERR_CONNECTION_REFUSED @ http://localhost:5199/@vite/client:1034
[  418347ms] [ERROR] WebSocket connection to 'ws://localhost:5199/' failed: Error in connection establishment: net::ERR_CONNECTION_REFUSED @ http://localhost:5199/@vite/client:1034
[  424198ms] [ERROR] WebSocket connection to 'ws://localhost:5199/' failed: Error in connection establishment: net::ERR_CONNECTION_REFUSED @ http://localhost:5199/@vite/client:1034
[  430017ms] [ERROR] WebSocket connection to 'ws://localhost:5199/' failed: Error in connection establishment: net::ERR_CONNECTION_REFUSED @ http://localhost:5199/@vite/client:1034
[  435837ms] [ERROR] WebSocket connection to 'ws://localhost:5199/' failed: Error in connection establishment: net::ERR_CONNECTION_REFUSED @ http://localhost:5199/@vite/client:1034
[  440235ms] [ERROR] WebSocket connection to 'ws://localhost:5199/' failed: Error in connection establishment: net::ERR_CONNECTION_REFUSED @ http://localhost:5199/@vite/client:1034
[  444398ms] [ERROR] WebSocket connection to 'ws://localhost:5199/' failed: Error in connection establishment: net::ERR_CONNECTION_REFUSED @ http://localhost:5199/@vite/client:1034
[  448852ms] [ERROR] WebSocket connection to 'ws://localhost:5199/' failed: Error in connection establishment: net::ERR_CONNECTION_REFUSED @ http://localhost:5199/@vite/client:1034
[  453865ms] [ERROR] WebSocket connection to 'ws://localhost:5199/' failed: Error in connection establishment: net::ERR_CONNECTION_REFUSED @ http://localhost:5199/@vite/client:1034
[  456656ms] [ERROR] WebSocket connection to 'ws://localhost:5199/' failed: Error in connection establishment: net::ERR_CONNECTION_REFUSED @ http://localhost:5199/@vite/client:1034
[  460160ms] [ERROR] WebSocket connection to 'ws://localhost:5199/' failed: Error in connection establishment: net::ERR_CONNECTION_REFUSED @ http://localhost:5199/@vite/client:1034
[  463143ms] [ERROR] WebSocket connection to 'ws://localhost:5199/' failed: Error in connection establishment: net::ERR_CONNECTION_REFUSED @ http://localhost:5199/@vite/client:1034
[  468842ms] [ERROR] WebSocket connection to 'ws://localhost:5199/' failed: Error in connection establishment: net::ERR_CONNECTION_REFUSED @ http://localhost:5199/@vite/client:1034
[  472719ms] [ERROR] WebSocket connection to 'ws://localhost:5199/' failed: Error in connection establishment: net::ERR_CONNECTION_REFUSED @ http://localhost:5199/@vite/client:1034
[  475896ms] [ERROR] WebSocket connection to 'ws://localhost:5199/' failed: Error in connection establishment: net::ERR_CONNECTION_REFUSED @ http://localhost:5199/@vite/client:1034
[  481741ms] [ERROR] WebSocket connection to 'ws://localhost:5199/' failed: Error in connection establishment: net::ERR_CONNECTION_REFUSED @ http://localhost:5199/@vite/client:1034
[  484686ms] [ERROR] WebSocket connection to 'ws://localhost:5199/' failed: Error in connection establishment: net::ERR_CONNECTION_REFUSED @ http://localhost:5199/@vite/client:1034
[  489053ms] [ERROR] WebSocket connection to 'ws://localhost:5199/' failed: Error in connection establishment: net::ERR_CONNECTION_REFUSED @ http://localhost:5199/@vite/client:1034
[  494129ms] [ERROR] WebSocket connection to 'ws://localhost:5199/' failed: Error in connection establishment: net::ERR_CONNECTION_REFUSED @ http://localhost:5199/@vite/client:1034
[  496243ms] [ERROR] WebSocket connection to 'ws://localhost:5199/' failed: Error in connection establishment: net::ERR_CONNECTION_REFUSED @ http://localhost:5199/@vite/client:1034
[  501330ms] [ERROR] WebSocket connection to 'ws://localhost:5199/' failed: Error in connection establishment: net::ERR_CONNECTION_REFUSED @ http://localhost:5199/@vite/client:1034
[  505811ms] [ERROR] WebSocket connection to 'ws://localhost:5199/' failed: Error in connection establishment: net::ERR_CONNECTION_REFUSED @ http://localhost:5199/@vite/client:1034
[  509082ms] [ERROR] WebSocket connection to 'ws://localhost:5199/' failed: Error in connection establishment: net::ERR_CONNECTION_REFUSED @ http://localhost:5199/@vite/client:1034
[  514872ms] [ERROR] WebSocket connection to 'ws://localhost:5199/' failed: Error in connection establishment: net::ERR_CONNECTION_REFUSED @ http://localhost:5199/@vite/client:1034
[  515873ms] [ERROR] WebSocket connection to 'ws://localhost:5199/' failed: Error in connection establishment: net::ERR_CONNECTION_REFUSED @ http://localhost:5199/@vite/client:1034
[  516875ms] [ERROR] WebSocket connection to 'ws://localhost:5199/' failed: Error in connection establishment: net::ERR_CONNECTION_REFUSED @ http://localhost:5199/@vite/client:1034
[  517876ms] [ERROR] WebSocket connection to 'ws://localhost:5199/' failed: Error in connection establishment: net::ERR_CONNECTION_REFUSED @ http://localhost:5199/@vite/client:1034
[  518877ms] [ERROR] WebSocket connection to 'ws://localhost:5199/' failed: Error in connection establishment: net::ERR_CONNECTION_REFUSED @ http://localhost:5199/@vite/client:1034
[  519880ms] [ERROR] WebSocket connection to 'ws://localhost:5199/' failed: Error in connection establishment: net::ERR_CONNECTION_REFUSED @ http://localhost:5199/@vite/client:1034
[  520885ms] [ERROR] WebSocket connection to 'ws://localhost:5199/' failed: Error in connection establishment: net::ERR_CONNECTION_REFUSED @ http://localhost:5199/@vite/client:1034
[  521893ms] [ERROR] WebSocket connection to 'ws://localhost:5199/' failed: Error in connection establishment: net::ERR_CONNECTION_REFUSED @ http://localhost:5199/@vite/client:1034
[  522904ms] [ERROR] WebSocket connection to 'ws://localhost:5199/' failed: Error in connection establishment: net::ERR_CONNECTION_REFUSED @ http://localhost:5199/@vite/client:1034
[  523938ms] [ERROR] WebSocket connection to 'ws://localhost:5199/' failed: Error in connection establishment: net::ERR_CONNECTION_REFUSED @ http://localhost:5199/@vite/client:1034
[  525013ms] [ERROR] WebSocket connection to 'ws://localhost:5199/' failed: Error in connection establishment: net::ERR_CONNECTION_REFUSED @ http://localhost:5199/@vite/client:1034
[  526089ms] [ERROR] WebSocket connection to 'ws://localhost:5199/' failed: Error in connection establishment: net::ERR_CONNECTION_REFUSED @ http://localhost:5199/@vite/client:1034
[  527172ms] [ERROR] WebSocket connection to 'ws://localhost:5199/' failed: Error in connection establishment: net::ERR_CONNECTION_REFUSED @ http://localhost:5199/@vite/client:1034
[  528322ms] [ERROR] WebSocket connection to 'ws://localhost:5199/' failed: Error in connection establishment: net::ERR_CONNECTION_REFUSED @ http://localhost:5199/@vite/client:1034
[  529506ms] [ERROR] Failed to load resource: net::ERR_CONNECTION_REFUSED @ http://localhost:5199/api/run:0
[  529506ms] [ERROR] psflow-debugger: TypeError: Failed to fetch
    at runGraph (http://localhost:5199/src/main.ts:75:24)
    at HTMLButtonElement.<anonymous> (http://localhost:5199/src/main.ts:167:70) @ http://localhost:5199/src/main.ts:138
[  530297ms] [ERROR] WebSocket connection to 'ws://localhost:5199/' failed: Error in connection establishment: net::ERR_CONNECTION_REFUSED @ http://localhost:5199/@vite/client:1034
[  530892ms] [ERROR] Failed to load resource: net::ERR_CONNECTION_REFUSED @ http://localhost:5199/api/run:0
[  530892ms] [ERROR] psflow-debugger: TypeError: Failed to fetch
    at runGraph (http://localhost:5199/src/main.ts:75:24)
    at HTMLButtonElement.<anonymous> (http://localhost:5199/src/main.ts:167:70) @ http://localhost:5199/src/main.ts:138
[  531905ms] [ERROR] WebSocket connection to 'ws://localhost:5199/' failed: Error in connection establishment: net::ERR_CONNECTION_REFUSED @ http://localhost:5199/@vite/client:1034
[  534308ms] [ERROR] Failed to load resource: net::ERR_CONNECTION_REFUSED @ http://localhost:5199/api/run:0
[  534308ms] [ERROR] psflow-debugger: TypeError: Failed to fetch
    at runGraph (http://localhost:5199/src/main.ts:75:24)
    at HTMLButtonElement.<anonymous> (http://localhost:5199/src/main.ts:167:70) @ http://localhost:5199/src/main.ts:138
[  535239ms] [ERROR] WebSocket connection to 'ws://localhost:5199/' failed: Error in connection establishment: net::ERR_CONNECTION_REFUSED @ http://localhost:5199/@vite/client:1034
[  539202ms] [ERROR] WebSocket connection to 'ws://localhost:5199/' failed: Error in connection establishment: net::ERR_CONNECTION_REFUSED @ http://localhost:5199/@vite/client:1034
[  544927ms] [ERROR] WebSocket connection to 'ws://localhost:5199/' failed: Error in connection establishment: net::ERR_CONNECTION_REFUSED @ http://localhost:5199/@vite/client:1034
[  548327ms] [ERROR] WebSocket connection to 'ws://localhost:5199/' failed: Error in connection establishment: net::ERR_CONNECTION_REFUSED @ http://localhost:5199/@vite/client:1034
